# JRE version: OpenJDK Runtime Environment Temurin-21.0.9+10 (21.0.9+10) (build 21.0.9+10-LTS)
# Java VM: OpenJDK 64-Bit Server VM Temurin-21.0.9+10 (21.0.9+10-LTS, mixed mode, sharing, tiered, compressed oops, compressed class ptrs, parallel gc, windows-amd64)
GC Precious Log:
 CardTable entry size: 512
 CPUs: 16 total, 16 available
 Memory: 31801M
 Large Page Support: Disabled
 NUMA Support: Disabled
 Compressed Oops: Enabled (32-bit)
 Alignments: Space 512K, Generation 512K, Heap 2M
 Heap Min Capacity: 100M
 Heap Initial Capacity: 100M
 Heap Max Capacity: 2G
 Pre-touch: Disabled
 Parallel Workers: 13
Heap:
 PSYoungGen      total 3584K, used 1024K [0x00000000d5580000, 0x00000000d5a80000, 0x0000000100000000)
  eden space 3072K, 22% used [0x00000000d5580000,0x00000000d5630230,0x00000000d5880000)
  from space 512K, 62% used [0x00000000d5980000,0x00000000d59d0000,0x00000000d5a00000)
  to   space 512K, 0% used [0x00000000d5a00000,0x00000000d5a00000,0x00000000d5a80000)
 ParOldGen       total 595968K, used 595958K [0x0000000080000000, 0x00000000a4600000, 0x00000000d5580000)
  object space 595968K, 99% used [0x0000000080000000,0x00000000a45fd9b8,0x00000000a4600000)
 Metaspace       used 75116K, committed 76608K, reserved 1179648K
  class space    used 7811K, committed 8448K, reserved 1048576K
GC Heap History (20 events):
Event: 277441.808 GC heap before
{Heap before GC invocations=577 (full 3):
 PSYoungGen      total 4608K, used 4582K [0x00000000d5580000, 0x00000000d5d80000, 0x0000000100000000)
  eden space 3072K, 100% used [0x00000000d5580000,0x00000000d5880000,0x00000000d5880000)
  from space 1536K, 98% used [0x00000000d5880000,0x00000000d59f9aa8,0x00000000d5a00000)
  to   space 2560K, 0% used [0x00000000d5b00000,0x00000000d5b00000,0x00000000d5d80000)
 ParOldGen       total 592384K, used 591889K [0x0000000080000000, 0x00000000a4280000, 0x00000000d5580000)
  object space 592384K, 99% used [0x0000000080000000,0x00000000a42044f0,0x00000000a4280000)
 Metaspace       used 74990K, committed 76480K, reserved 1179648K
  class space    used 7810K, committed 8448K, reserved 1048576K
}
Event: 277441.810 GC heap after
{Heap after GC invocations=577 (full 3):
 PSYoungGen      total 4608K, used 1280K [0x00000000d5580000, 0x00000000d5c80000, 0x0000000100000000)
  eden space 3072K, 0% used [0x00000000d5580000,0x00000000d5580000,0x00000000d5880000)
  from space 1536K, 83% used [0x00000000d5b00000,0x00000000d5c40020,0x00000000d5c80000)
  to   space 2048K, 0% used [0x00000000d5880000,0x00000000d5880000,0x00000000d5a80000)
 ParOldGen       total 593408K, used 593156K [0x0000000080000000, 0x00000000a4380000, 0x00000000d5580000)
  object space 593408K, 99% used [0x0000000080000000,0x00000000a43413e0,0x00000000a4380000)
 Metaspace       used 74990K, committed 76480K, reserved 1179648K
  class space    used 7810K, committed 8448K, reserved 1048576K
}
Event: 277441.823 GC heap before
{Heap before GC invocations=578 (full 3):
 PSYoungGen      total 4608K, used 4352K [0x00000000d5580000, 0x00000000d5c80000, 0x0000000100000000)
  eden space 3072K, 100% used [0x00000000d5580000,0x00000000d5880000,0x00000000d5880000)
  from space 1536K, 83% used [0x00000000d5b00000,0x00000000d5c40020,0x00000000d5c80000)
  to   space 2048K, 0% used [0x00000000d5880000,0x00000000d5880000,0x00000000d5a80000)
 ParOldGen       total 593408K, used 593156K [0x0000000080000000, 0x00000000a4380000, 0x00000000d5580000)
  object space 593408K, 99% used [0x0000000080000000,0x00000000a43413e0,0x00000000a4380000)
 Metaspace       used 75021K, committed 76544K, reserved 1179648K
  class space    used 7810K, committed 8448K, reserved 1048576K
}
Event: 277441.824 GC heap after
{Heap after GC invocations=578 (full 3):
 PSYoungGen      total 4096K, used 928K [0x00000000d5580000, 0x00000000d5b80000, 0x0000000100000000)
  eden space 3072K, 0% used [0x00000000d5580000,0x00000000d5580000,0x00000000d5880000)
  from space 1024K, 90% used [0x00000000d5880000,0x00000000d5968000,0x00000000d5980000)
  to   space 1536K, 0% used [0x00000000d5a00000,0x00000000d5a00000,0x00000000d5b80000)
 ParOldGen       total 594432K, used 594189K [0x0000000080000000, 0x00000000a4480000, 0x00000000d5580000)
  object space 594432K, 99% used [0x0000000080000000,0x00000000a4443410,0x00000000a4480000)
 Metaspace       used 75021K, committed 76544K, reserved 1179648K
  class space    used 7810K, committed 8448K, reserved 1048576K
}
Event: 277442.169 GC heap before
{Heap before GC invocations=579 (full 3):
 PSYoungGen      total 4096K, used 4000K [0x00000000d5580000, 0x00000000d5b80000, 0x0000000100000000)
  eden space 3072K, 100% used [0x00000000d5580000,0x00000000d5880000,0x00000000d5880000)
  from space 1024K, 90% used [0x00000000d5880000,0x00000000d5968000,0x00000000d5980000)
  to   space 1536K, 0% used [0x00000000d5a00000,0x00000000d5a00000,0x00000000d5b80000)
 ParOldGen       total 594432K, used 594189K [0x0000000080000000, 0x00000000a4480000, 0x00000000d5580000)
  object space 594432K, 99% used [0x0000000080000000,0x00000000a4443410,0x00000000a4480000)
 Metaspace       used 75029K, committed 76544K, reserved 1179648K
  class space    used 7810K, committed 8448K, reserved 1048576K
}
Event: 277442.170 GC heap after
{Heap after GC invocations=579 (full 3):
 PSYoungGen      total 3584K, used 486K [0x00000000d5580000, 0x00000000d5a80000, 0x0000000100000000)
  eden space 3072K, 0% used [0x00000000d5580000,0x00000000d5580000,0x00000000d5880000)
  from space 512K, 95% used [0x00000000d5a00000,0x00000000d5a79a88,0x00000000d5a80000)
  to   space 1024K, 0% used [0x00000000d5880000,0x00000000d5880000,0x00000000d5980000)
 ParOldGen       total 595456K, used 594970K [0x0000000080000000, 0x00000000a4580000, 0x00000000d5580000)
  object space 595456K, 99% used [0x0000000080000000,0x00000000a4506a20,0x00000000a4580000)
 Metaspace       used 75029K, committed 76544K, reserved 1179648K
  class space    used 7810K, committed 8448K, reserved 1048576K
}
Event: 277442.175 GC heap before
{Heap before GC invocations=580 (full 3):
 PSYoungGen      total 3584K, used 3558K [0x00000000d5580000, 0x00000000d5a80000, 0x0000000100000000)
  eden space 3072K, 100% used [0x00000000d5580000,0x00000000d5880000,0x00000000d5880000)
  from space 512K, 95% used [0x00000000d5a00000,0x00000000d5a79a88,0x00000000d5a80000)
  to   space 1024K, 0% used [0x00000000d5880000,0x00000000d5880000,0x00000000d5980000)
 ParOldGen       total 595456K, used 594970K [0x0000000080000000, 0x00000000a4580000, 0x00000000d5580000)
  object space 595456K, 99% used [0x0000000080000000,0x00000000a4506a20,0x00000000a4580000)
 Metaspace       used 75029K, committed 76544K, reserved 1179648K
  class space    used 7810K, committed 8448K, reserved 1048576K
}
Event: 277442.176 GC heap after
{Heap after GC invocations=580 (full 3):
 PSYoungGen      total 4096K, used 192K [0x00000000d5580000, 0x00000000d5a80000, 0x0000000100000000)
  eden space 3072K, 0% used [0x00000000d5580000,0x00000000d5580000,0x00000000d5880000)
  from space 1024K, 18% used [0x00000000d5880000,0x00000000d58b0000,0x00000000d5980000)
  to   space 512K, 0% used [0x00000000d5a00000,0x00000000d5a00000,0x00000000d5a80000)
 ParOldGen       total 595456K, used 595454K [0x0000000080000000, 0x00000000a4580000, 0x00000000d5580000)
  object space 595456K, 99% used [0x0000000080000000,0x00000000a457f9b8,0x00000000a4580000)
 Metaspace       used 75029K, committed 76544K, reserved 1179648K
  class space    used 7810K, committed 8448K, reserved 1048576K
}
Event: 277442.179 GC heap before
{Heap before GC invocations=581 (full 3):
 PSYoungGen      total 4096K, used 3264K [0x00000000d5580000, 0x00000000d5a80000, 0x0000000100000000)
  eden space 3072K, 100% used [0x00000000d5580000,0x00000000d5880000,0x00000000d5880000)
  from space 1024K, 18% used [0x00000000d5880000,0x00000000d58b0000,0x00000000d5980000)
  to   space 512K, 0% used [0x00000000d5a00000,0x00000000d5a00000,0x00000000d5a80000)
 ParOldGen       total 595456K, used 595454K [0x0000000080000000, 0x00000000a4580000, 0x00000000d5580000)
  object space 595456K, 99% used [0x0000000080000000,0x00000000a457f9b8,0x00000000a4580000)
 Metaspace       used 75031K, committed 76544K, reserved 1179648K
  class space    used 7810K, committed 8448K, reserved 1048576K
}
Event: 277442.180 GC heap after
{Heap after GC invocations=581 (full 3):
 PSYoungGen      total 3584K, used 416K [0x00000000d5580000, 0x00000000d5a80000, 0x0000000100000000)
  eden space 3072K, 0% used [0x00000000d5580000,0x00000000d5580000,0x00000000d5880000)
  from space 512K, 81% used [0x00000000d5a00000,0x00000000d5a68000,0x00000000d5a80000)
  to   space 512K, 0% used [0x00000000d5980000,0x00000000d5980000,0x00000000d5a00000)
 ParOldGen       total 595968K, used 595534K [0x0000000080000000, 0x00000000a4600000, 0x00000000d5580000)
  object space 595968K, 99% used [0x0000000080000000,0x00000000a45939b8,0x00000000a4600000)
 Metaspace       used 75031K, committed 76544K, reserved 1179648K
  class space    used 7810K, committed 8448K, reserved 1048576K
}
Event: 277442.184 GC heap before
{Heap before GC invocations=582 (full 3):
 PSYoungGen      total 3584K, used 3488K [0x00000000d5580000, 0x00000000d5a80000, 0x0000000100000000)
  eden space 3072K, 100% used [0x00000000d5580000,0x00000000d5880000,0x00000000d5880000)
  from space 512K, 81% used [0x00000000d5a00000,0x00000000d5a68000,0x00000000d5a80000)
  to   space 512K, 0% used [0x00000000d5980000,0x00000000d5980000,0x00000000d5a00000)
 ParOldGen       total 595968K, used 595534K [0x0000000080000000, 0x00000000a4600000, 0x00000000d5580000)
  object space 595968K, 99% used [0x0000000080000000,0x00000000a45939b8,0x00000000a4600000)
 Metaspace       used 75031K, committed 76544K, reserved 1179648K
  class space    used 7810K, committed 8448K, reserved 1048576K
}
Event: 277442.185 GC heap after
{Heap after GC invocations=582 (full 3):
 PSYoungGen      total 3584K, used 352K [0x00000000d5580000, 0x00000000d5a80000, 0x0000000100000000)
  eden space 3072K, 0% used [0x00000000d5580000,0x00000000d5580000,0x00000000d5880000)
  from space 512K, 68% used [0x00000000d5980000,0x00000000d59d8000,0x00000000d5a00000)
  to   space 512K, 0% used [0x00000000d5a00000,0x00000000d5a00000,0x00000000d5a80000)
 ParOldGen       total 595968K, used 595606K [0x0000000080000000, 0x00000000a4600000, 0x00000000d5580000)
  object space 595968K, 99% used [0x0000000080000000,0x00000000a45a59b8,0x00000000a4600000)
 Metaspace       used 75031K, committed 76544K, reserved 1179648K
  class space    used 7810K, committed 8448K, reserved 1048576K
}
Event: 277442.189 GC heap before
{Heap before GC invocations=583 (full 3):
 PSYoungGen      total 3584K, used 3423K [0x00000000d5580000, 0x00000000d5a80000, 0x0000000100000000)
  eden space 3072K, 99% used [0x00000000d5580000,0x00000000d587fff0,0x00000000d5880000)
  from space 512K, 68% used [0x00000000d5980000,0x00000000d59d8000,0x00000000d5a00000)
  to   space 512K, 0% used [0x00000000d5a00000,0x00000000d5a00000,0x00000000d5a80000)
 ParOldGen       total 595968K, used 595606K [0x0000000080000000, 0x00000000a4600000, 0x00000000d5580000)
  object space 595968K, 99% used [0x0000000080000000,0x00000000a45a59b8,0x00000000a4600000)
 Metaspace       used 75034K, committed 76544K, reserved 1179648K
  class space    used 7810K, committed 8448K, reserved 1048576K
}
Event: 277442.189 GC heap after
{Heap after GC invocations=583 (full 3):
 PSYoungGen      total 3584K, used 384K [0x00000000d5580000, 0x00000000d5a80000, 0x0000000100000000)
  eden space 3072K, 0% used [0x00000000d5580000,0x00000000d5580000,0x00000000d5880000)
  from space 512K, 75% used [0x00000000d5a00000,0x00000000d5a60000,0x00000000d5a80000)
  to   space 512K, 0% used [0x00000000d5980000,0x00000000d5980000,0x00000000d5a00000)
 ParOldGen       total 595968K, used 595694K [0x0000000080000000, 0x00000000a4600000, 0x00000000d5580000)
  object space 595968K, 99% used [0x0000000080000000,0x00000000a45bb9b8,0x00000000a4600000)
 Metaspace       used 75034K, committed 76544K, reserved 1179648K
  class space    used 7810K, committed 8448K, reserved 1048576K
}
Event: 277442.193 GC heap before
{Heap before GC invocations=584 (full 3):
 PSYoungGen      total 3584K, used 3456K [0x00000000d5580000, 0x00000000d5a80000, 0x0000000100000000)
  eden space 3072K, 100% used [0x00000000d5580000,0x00000000d5880000,0x00000000d5880000)
  from space 512K, 75% used [0x00000000d5a00000,0x00000000d5a60000,0x00000000d5a80000)
  to   space 512K, 0% used [0x00000000d5980000,0x00000000d5980000,0x00000000d5a00000)
 ParOldGen       total 595968K, used 595694K [0x0000000080000000, 0x00000000a4600000, 0x00000000d5580000)
  object space 595968K, 99% used [0x0000000080000000,0x00000000a45bb9b8,0x00000000a4600000)
 Metaspace       used 75041K, committed 76544K, reserved 1179648K
  class space    used 7810K, committed 8448K, reserved 1048576K
}
Event: 277442.193 GC heap after
{Heap after GC invocations=584 (full 3):
 PSYoungGen      total 3584K, used 320K [0x00000000d5580000, 0x00000000d5a80000, 0x0000000100000000)
  eden space 3072K, 0% used [0x00000000d5580000,0x00000000d5580000,0x00000000d5880000)
  from space 512K, 62% used [0x00000000d5980000,0x00000000d59d0000,0x00000000d5a00000)
  to   space 512K, 0% used [0x00000000d5a00000,0x00000000d5a00000,0x00000000d5a80000)
 ParOldGen       total 595968K, used 595782K [0x0000000080000000, 0x00000000a4600000, 0x00000000d5580000)
  object space 595968K, 99% used [0x0000000080000000,0x00000000a45d19b8,0x00000000a4600000)
 Metaspace       used 75041K, committed 76544K, reserved 1179648K
  class space    used 7810K, committed 8448K, reserved 1048576K
}
Event: 277442.198 GC heap before
{Heap before GC invocations=585 (full 3):
 PSYoungGen      total 3584K, used 3392K [0x00000000d5580000, 0x00000000d5a80000, 0x0000000100000000)
  eden space 3072K, 100% used [0x00000000d5580000,0x00000000d5880000,0x00000000d5880000)
  from space 512K, 62% used [0x00000000d5980000,0x00000000d59d0000,0x00000000d5a00000)
  to   space 512K, 0% used [0x00000000d5a00000,0x00000000d5a00000,0x00000000d5a80000)
 ParOldGen       total 595968K, used 595782K [0x0000000080000000, 0x00000000a4600000, 0x00000000d5580000)
  object space 595968K, 99% used [0x0000000080000000,0x00000000a45d19b8,0x00000000a4600000)
 Metaspace       used 75082K, committed 76608K, reserved 1179648K
  class space    used 7810K, committed 8448K, reserved 1048576K
}
Event: 277442.199 GC heap after
{Heap after GC invocations=585 (full 3):
 PSYoungGen      total 3584K, used 384K [0x00000000d5580000, 0x00000000d5a80000, 0x0000000100000000)
  eden space 3072K, 0% used [0x00000000d5580000,0x00000000d5580000,0x00000000d5880000)
  from space 512K, 75% used [0x00000000d5a00000,0x00000000d5a60000,0x00000000d5a80000)
  to   space 512K, 0% used [0x00000000d5980000,0x00000000d5980000,0x00000000d5a00000)
 ParOldGen       total 595968K, used 595870K [0x0000000080000000, 0x00000000a4600000, 0x00000000d5580000)
  object space 595968K, 99% used [0x0000000080000000,0x00000000a45e79b8,0x00000000a4600000)
 Metaspace       used 75082K, committed 76608K, reserved 1179648K
  class space    used 7810K, committed 8448K, reserved 1048576K
}
Event: 277442.203 GC heap before
{Heap before GC invocations=586 (full 3):
 PSYoungGen      total 3584K, used 3456K [0x00000000d5580000, 0x00000000d5a80000, 0x0000000100000000)
  eden space 3072K, 100% used [0x00000000d5580000,0x00000000d5880000,0x00000000d5880000)
  from space 512K, 75% used [0x00000000d5a00000,0x00000000d5a60000,0x00000000d5a80000)
  to   space 512K, 0% used [0x00000000d5980000,0x00000000d5980000,0x00000000d5a00000)
 ParOldGen       total 595968K, used 595870K [0x0000000080000000, 0x00000000a4600000, 0x00000000d5580000)
  object space 595968K, 99% used [0x0000000080000000,0x00000000a45e79b8,0x00000000a4600000)
 Metaspace       used 75108K, committed 76608K, reserved 1179648K
  class space    used 7811K, committed 8448K, reserved 1048576K
}
Event: 277442.204 GC heap after
{Heap after GC invocations=586 (full 3):
 PSYoungGen      total 3584K, used 320K [0x00000000d5580000, 0x00000000d5a80000, 0x0000000100000000)
  eden space 3072K, 0% used [0x00000000d5580000,0x00000000d5580000,0x00000000d5880000)
  from space 512K, 62% used [0x00000000d5980000,0x00000000d59d0000,0x00000000d5a00000)
  to   space 512K, 0% used [0x00000000d5a00000,0x00000000d5a00000,0x00000000d5a80000)
 ParOldGen       total 595968K, used 595958K [0x0000000080000000, 0x00000000a4600000, 0x00000000d5580000)
  object space 595968K, 99% used [0x0000000080000000,0x00000000a45fd9b8,0x00000000a4600000)
 Metaspace       used 75108K, committed 76608K, reserved 1179648K
  class space    used 7811K, committed 8448K, reserved 1048576K
}

